<?xml version="1.0" encoding="UTF-8"?>
<!-- Generated by org.testng.reporters.JUnitXMLReporter -->
<testsuite hostname="mahrias-MacBook-Pro.local" name="Test" tests="4" failures="0" timestamp="18 Oct 2018 05:41:11 GMT" time="25.923" errors="0">
  <testcase name="basePageNavigation" time="7.996" classname="Academy.HomePage"/>
  <testcase name="basePageNavigation" time="5.868" classname="Academy.HomePage"/>
  <testcase name="basePageNavigation" time="0.03" classname="Academy.validateTitle"/>
  <testcase name="basePageNavigation" time="0.029" classname="Academy.validateNavigationBar"/>
</testsuite> <!-- Test -->
